17-04-2024:06:44:49.397 INFO     7010000001:414141:plaintext:44:2024-05-04
17-04-2024:06:44:49.397 INFO     plaintext
17-04-2024:06:44:49.397 INFO     7080808080:70707070700987:10:2037-12-31
17-04-2024:06:44:49.398 INFO     7010000001:414141:414141test:44:2024-04-27
17-04-2024:06:44:49.398 INFO     414141test
17-04-2024:06:44:49.399 INFO     7010000001:414141:414141test:44:2024-04-27
17-04-2024:06:44:49.399 INFO     414141test
17-04-2024:06:44:49.399 INFO     7010000001:HW_KML:21:2024-04-24
17-04-2024:06:44:49.400 INFO     7010000001:414141:414141test:44:2024-04-20
17-04-2024:06:44:49.400 INFO     414141test
17-04-2024:06:44:49.401 INFO     7080808080:70707070700987:10:2037-12-31
17-04-2024:06:44:49.402 INFO     7010000001:HW_BLR:21:2024-04-24
17-04-2024:06:44:49.402 INFO     7080808080:70707070700987:10:2037-12-31
17-04-2024:06:44:49.410 INFO     7010000001:414141:plaintext:44:2024-05-04
17-04-2024:06:44:49.410 INFO     plaintext
17-04-2024:06:44:49.411 INFO     7080908090:podtest:21:2024-05-02
17-04-2024:06:44:49.411 INFO     7010000001:414141:plaintext:44:2024-05-04
17-04-2024:06:44:49.411 INFO     plaintext
17-04-2024:06:44:49.412 INFO     7010000001:HW_PUN:21:2024-04-25
17-04-2024:06:44:49.413 INFO     7010000001:414141:414141test:44:2024-04-27
17-04-2024:06:44:49.413 INFO     414141test
17-04-2024:06:44:49.414 INFO     7010000001:414141:414141test:44:2024-04-27
17-04-2024:06:44:49.414 INFO     414141test
17-04-2024:06:44:49.414 INFO     7010000001:HW_KML:21:2024-04-24
17-04-2024:06:44:49.415 INFO     7010000001:414141:414141test:44:2024-04-20
17-04-2024:06:44:49.415 INFO     414141test
17-04-2024:06:44:49.415 INFO     7080808080:70707070700987:10:2037-12-31
17-04-2024:06:44:49.416 INFO     7080808080:70707070700987:10:2037-12-31
17-04-2024:06:44:49.416 INFO     7010000001:HW_BLR:21:2024-04-24
17-04-2024:06:44:49.416 INFO     7010000001:414141:plaintext:44:2024-05-04
17-04-2024:06:44:49.416 INFO     plaintext
17-04-2024:06:44:49.417 INFO     7080908090:podtest:21:2024-05-02
17-04-2024:06:44:49.418 INFO     7010000001:414141:plaintext:44:2024-05-04
17-04-2024:06:44:49.418 INFO     plaintext
17-04-2024:06:44:49.418 INFO     7010000001:HW_PUN:21:2024-04-25
17-04-2024:06:44:49.419 INFO     7010000001:414141:414141test:44:2024-04-27
17-04-2024:06:44:49.419 INFO     414141test
17-04-2024:06:44:49.419 INFO     7010000001:414141:414141test:44:2024-04-27
17-04-2024:06:44:49.420 INFO     414141test
17-04-2024:06:44:49.420 INFO     7010000001:HW_KML:21:2024-04-24
17-04-2024:06:44:49.420 INFO     7010000001:414141:414141test:44:2024-04-20
17-04-2024:06:44:49.420 INFO     414141test
17-04-2024:06:44:49.422 INFO     7080808080:70707070700987:10:2037-12-31
17-04-2024:06:44:49.422 INFO     7010000001:414141:plaintext:44:2024-05-04
17-04-2024:06:44:49.422 INFO     plaintext
17-04-2024:06:44:49.423 INFO     7010000001:HW_BLR:21:2024-04-24
17-04-2024:06:44:49.423 INFO     7080808080:70707070700987:10:2037-12-31
17-04-2024:06:44:49.430 INFO     7080908090:podtest:21:2024-05-02
17-04-2024:06:44:49.431 INFO     7010000001:414141:plaintext:44:2024-05-04
17-04-2024:06:44:49.431 INFO     plaintext
17-04-2024:06:44:49.432 INFO     7010000001:HW_PUN:21:2024-04-25
17-04-2024:06:44:49.432 INFO     7010000001:414141:414141test:44:2024-04-27
17-04-2024:06:44:49.432 INFO     414141test
17-04-2024:06:44:49.433 INFO     7010000001:414141:414141test:44:2024-04-27
17-04-2024:06:44:49.433 INFO     414141test
17-04-2024:06:44:49.433 INFO     7010000001:HW_KML:21:2024-04-24
17-04-2024:06:44:49.433 INFO     7080808080:70707070700987:10:2037-12-31
17-04-2024:06:44:49.434 INFO     7010000001:414141:414141test:44:2024-04-20
17-04-2024:06:44:49.434 INFO     414141test
17-04-2024:06:44:49.438 INFO     7010000001:HW_BLR:21:2024-04-24
17-04-2024:06:44:49.439 INFO     7080808080:70707070700987:10:2037-12-31
17-04-2024:06:44:49.440 INFO     7010000001:414141:plaintext:44:2024-05-04
17-04-2024:06:44:49.440 INFO     plaintext
17-04-2024:06:44:49.440 INFO     7080908090:podtest:21:2024-05-02
17-04-2024:06:44:49.441 INFO     7010000001:414141:plaintext:44:2024-05-04
17-04-2024:06:44:49.441 INFO     plaintext
17-04-2024:06:44:49.442 INFO     7010000001:HW_PUN:21:2024-04-25
17-04-2024:06:44:49.443 INFO     7010000001:414141:414141test:44:2024-04-27
17-04-2024:06:44:49.443 INFO     414141test
17-04-2024:06:44:49.443 INFO     7010000001:414141:414141test:44:2024-04-27
17-04-2024:06:44:49.443 INFO     414141test
17-04-2024:06:44:59.433 INFO     7010000001:HW_KML:21:2024-04-24
17-04-2024:06:44:59.447 INFO     7010000001:414141:414141test:44:2024-04-20
17-04-2024:06:44:59.448 INFO     414141test
17-04-2024:06:44:59.474 INFO     7080808080:70707070700987:10:2037-12-31
17-04-2024:06:44:59.676 INFO     7010000001:414141:plaintext:44:2024-05-04
17-04-2024:06:44:59.677 INFO     plaintext
17-04-2024:06:44:59.689 INFO     7010000001:HW_BLR:21:2024-04-24
17-04-2024:06:44:59.690 INFO     7080808080:70707070700987:10:2037-12-31
17-04-2024:06:44:59.738 INFO     7010000001:414141:plaintext:44:2024-05-04
17-04-2024:06:44:59.739 INFO     plaintext
17-04-2024:06:44:59.794 INFO     7080908090:podtest:21:2024-05-02
17-04-2024:06:44:59.883 INFO     7010000001:414141:414141test:44:2024-04-27
17-04-2024:06:44:59.883 INFO     414141test
17-04-2024:06:44:59.918 INFO     7010000001:HW_PUN:21:2024-04-25
17-04-2024:06:45:00.018 INFO     7010000001:414141:414141test:44:2024-04-27
17-04-2024:06:45:00.021 INFO     414141test
17-04-2024:06:45:10.106 INFO     7010000001:HW_KML:21:2024-04-24
17-04-2024:06:45:10.367 INFO     7010000001:414141:414141test:44:2024-04-20
17-04-2024:06:45:10.371 INFO     414141test
17-04-2024:06:45:10.387 INFO     7080808080:70707070700987:10:2037-12-31
17-04-2024:06:45:10.523 INFO     7010000001:414141:plaintext:44:2024-05-04
17-04-2024:06:45:10.523 INFO     plaintext
17-04-2024:06:45:10.558 INFO     7010000001:HW_BLR:21:2024-04-24
17-04-2024:06:45:10.767 INFO     7010000001:414141:plaintext:44:2024-05-04
17-04-2024:06:45:10.767 INFO     plaintext
17-04-2024:06:45:10.810 INFO     7080808080:70707070700987:10:2037-12-31
17-04-2024:06:45:10.812 INFO     7080908090:podtest:21:2024-05-02
17-04-2024:06:45:11.624 INFO     7010000001:414141:414141test:44:2024-04-27
17-04-2024:06:45:11.624 INFO     414141test
17-04-2024:06:45:12.414 INFO     7010000001:HW_PUN:21:2024-04-25
17-04-2024:06:45:12.498 INFO     7010000001:414141:414141test:44:2024-04-27
17-04-2024:06:45:12.498 INFO     414141test
17-04-2024:06:45:22.560 INFO     7010000001:HW_KML:21:2024-04-24
17-04-2024:06:45:22.619 INFO     7010000001:414141:414141test:44:2024-04-20
17-04-2024:06:45:22.620 INFO     414141test
17-04-2024:06:45:22.652 INFO     7080808080:70707070700987:10:2037-12-31
17-04-2024:06:45:22.769 INFO     7010000001:414141:plaintext:44:2024-05-04
17-04-2024:06:45:22.769 INFO     plaintext
17-04-2024:06:45:22.870 INFO     7010000001:HW_BLR:21:2024-04-24
17-04-2024:06:45:22.901 INFO     7080808080:70707070700987:10:2037-12-31
17-04-2024:06:45:22.970 INFO     7010000001:414141:plaintext:44:2024-05-04
17-04-2024:06:45:22.971 INFO     plaintext
17-04-2024:06:45:23.101 INFO     7080908090:podtest:21:2024-05-02
17-04-2024:06:45:23.130 INFO     7010000001:414141:414141test:44:2024-04-27
17-04-2024:06:45:23.130 INFO     414141test
17-04-2024:06:45:23.227 INFO     7010000001:HW_PUN:21:2024-04-25
17-04-2024:06:45:23.251 INFO     7010000001:414141:414141test:44:2024-04-27
17-04-2024:06:45:23.251 INFO     414141test
17-04-2024:06:45:33.382 INFO     7010000001:HW_KML:21:2024-04-24
17-04-2024:06:45:33.403 INFO     7010000001:414141:414141test:44:2024-04-20
17-04-2024:06:45:33.405 INFO     414141test
17-04-2024:06:45:33.432 INFO     7080808080:70707070700987:10:2037-12-31
17-04-2024:06:45:33.504 INFO     7010000001:HW_BLR:21:2024-04-24
17-04-2024:06:45:33.567 INFO     7010000001:414141:plaintext:44:2024-05-04
17-04-2024:06:45:33.567 INFO     plaintext
17-04-2024:06:45:33.607 INFO     7080808080:70707070700987:10:2037-12-31
17-04-2024:06:45:33.663 INFO     7080908090:podtest:21:2024-05-02
17-04-2024:06:45:33.864 INFO     7010000001:HW_PUN:21:2024-04-25
17-04-2024:06:45:33.867 INFO     7010000001:414141:plaintext:44:2024-05-04
17-04-2024:06:45:33.868 INFO     plaintext
17-04-2024:06:45:33.947 INFO     7010000001:414141:414141test:44:2024-04-27
17-04-2024:06:45:33.947 INFO     414141test
17-04-2024:06:45:34.028 INFO     7010000001:414141:414141test:44:2024-04-27
17-04-2024:06:45:34.029 INFO     414141test
17-04-2024:06:45:44.148 INFO     7010000001:HW_KML:21:2024-04-24
17-04-2024:06:45:44.236 INFO     7010000001:414141:414141test:44:2024-04-20
17-04-2024:06:45:44.237 INFO     414141test
17-04-2024:06:45:44.237 INFO     7080808080:70707070700987:10:2037-12-31
17-04-2024:06:45:44.334 INFO     7010000001:414141:plaintext:44:2024-05-04
17-04-2024:06:45:44.345 INFO     plaintext
17-04-2024:06:45:44.383 INFO     7080808080:70707070700987:10:2037-12-31
17-04-2024:06:45:44.396 INFO     7010000001:HW_BLR:21:2024-04-24
17-04-2024:06:45:44.637 INFO     7010000001:414141:plaintext:44:2024-05-04
17-04-2024:06:45:44.637 INFO     plaintext
17-04-2024:06:45:44.672 INFO     7080908090:podtest:21:2024-05-02
17-04-2024:06:45:44.700 INFO     7010000001:HW_PUN:21:2024-04-25
17-04-2024:06:45:44.752 INFO     7010000001:414141:414141test:44:2024-04-27
17-04-2024:06:45:44.752 INFO     414141test
17-04-2024:06:45:44.808 INFO     7010000001:414141:414141test:44:2024-04-27
17-04-2024:06:45:44.809 INFO     414141test
17-04-2024:06:45:54.904 INFO     7010000001:HW_KML:21:2024-04-24
17-04-2024:06:45:54.924 INFO     7010000001:414141:414141test:44:2024-04-20
17-04-2024:06:45:54.924 INFO     414141test
17-04-2024:06:45:54.964 INFO     7080808080:70707070700987:10:2037-12-31
17-04-2024:06:45:55.094 INFO     7010000001:414141:plaintext:44:2024-05-04
17-04-2024:06:45:55.095 INFO     plaintext
17-04-2024:06:45:55.109 INFO     7010000001:HW_BLR:21:2024-04-24
17-04-2024:06:45:55.110 INFO     7080808080:70707070700987:10:2037-12-31
17-04-2024:06:45:55.263 INFO     7010000001:414141:plaintext:44:2024-05-04
17-04-2024:06:45:55.263 INFO     plaintext
17-04-2024:06:45:55.297 INFO     7080908090:podtest:21:2024-05-02
17-04-2024:06:45:55.414 INFO     7010000001:414141:414141test:44:2024-04-27
17-04-2024:06:45:55.414 INFO     414141test
17-04-2024:06:45:55.439 INFO     7010000001:HW_PUN:21:2024-04-25
17-04-2024:06:45:55.528 INFO     7010000001:414141:414141test:44:2024-04-27
17-04-2024:06:45:55.528 INFO     414141test
17-04-2024:06:46:05.640 INFO     7010000001:HW_KML:21:2024-04-24
17-04-2024:06:46:05.669 INFO     7010000001:414141:414141test:44:2024-04-20
17-04-2024:06:46:05.670 INFO     414141test
17-04-2024:06:46:05.736 INFO     7080808080:70707070700987:10:2037-12-31
17-04-2024:06:46:05.767 INFO     7010000001:HW_BLR:21:2024-04-24
17-04-2024:06:46:05.859 INFO     7080808080:70707070700987:10:2037-12-31
17-04-2024:06:46:05.895 INFO     7010000001:414141:plaintext:44:2024-05-04
17-04-2024:06:46:05.895 INFO     plaintext
17-04-2024:06:46:05.943 INFO     7080908090:podtest:21:2024-05-02
17-04-2024:06:46:06.092 INFO     7010000001:414141:plaintext:44:2024-05-04
17-04-2024:06:46:06.092 INFO     plaintext
17-04-2024:06:46:06.126 INFO     7010000001:HW_PUN:21:2024-04-25
17-04-2024:06:46:06.209 INFO     7010000001:414141:414141test:44:2024-04-27
17-04-2024:06:46:06.209 INFO     414141test
17-04-2024:06:46:06.313 INFO     7010000001:414141:414141test:44:2024-04-27
17-04-2024:06:46:06.313 INFO     414141test
17-04-2024:06:46:16.799 INFO     7010000001:HW_KML:21:2024-04-24
17-04-2024:06:46:17.043 INFO     7010000001:414141:414141test:44:2024-04-20
17-04-2024:06:46:17.043 INFO     414141test
17-04-2024:06:46:17.107 INFO     7080808080:70707070700987:10:2037-12-31
17-04-2024:06:46:18.545 INFO     7010000001:HW_BLR:21:2024-04-24
17-04-2024:06:46:18.586 INFO     7080808080:70707070700987:10:2037-12-31
17-04-2024:06:46:18.663 INFO     7010000001:414141:plaintext:44:2024-05-04
17-04-2024:06:46:18.663 INFO     plaintext
17-04-2024:06:46:18.731 INFO     7080908090:podtest:21:2024-05-02
17-04-2024:06:46:18.836 INFO     7010000001:414141:plaintext:44:2024-05-04
17-04-2024:06:46:18.857 INFO     plaintext
17-04-2024:06:46:18.904 INFO     7010000001:414141:414141test:44:2024-04-27
17-04-2024:06:46:18.906 INFO     414141test
17-04-2024:06:46:18.945 INFO     7010000001:HW_PUN:21:2024-04-25
17-04-2024:06:46:19.025 INFO     7010000001:414141:414141test:44:2024-04-27
17-04-2024:06:46:19.026 INFO     414141test
17-04-2024:06:46:29.364 INFO     7010000001:HW_KML:21:2024-04-24
17-04-2024:06:46:29.382 INFO     7010000001:414141:414141test:44:2024-04-20
17-04-2024:06:46:29.382 INFO     414141test
17-04-2024:06:46:29.418 INFO     7080808080:70707070700987:10:2037-12-31
17-04-2024:06:46:29.495 INFO     7010000001:414141:plaintext:44:2024-05-04
17-04-2024:06:46:29.495 INFO     plaintext
17-04-2024:06:46:29.525 INFO     7010000001:HW_BLR:21:2024-04-24
17-04-2024:06:46:29.731 INFO     7080908090:podtest:21:2024-05-02
17-04-2024:06:46:29.779 INFO     7010000001:414141:plaintext:44:2024-05-04
17-04-2024:06:46:29.779 INFO     plaintext
17-04-2024:06:46:29.804 INFO     7080808080:70707070700987:10:2037-12-31
17-04-2024:06:46:29.993 INFO     7010000001:HW_PUN:21:2024-04-25
17-04-2024:06:46:30.067 INFO     7010000001:414141:414141test:44:2024-04-27
17-04-2024:06:46:30.068 INFO     414141test
17-04-2024:06:46:30.428 INFO     7010000001:414141:414141test:44:2024-04-27
17-04-2024:06:46:30.428 INFO     414141test
17-04-2024:06:46:41.720 INFO     7010000001:HW_KML:21:2024-04-24
17-04-2024:06:46:41.758 INFO     7010000001:414141:414141test:44:2024-04-20
17-04-2024:06:46:41.758 INFO     414141test
17-04-2024:06:46:41.759 INFO     7080808080:70707070700987:10:2037-12-31
17-04-2024:06:46:41.941 INFO     7010000001:HW_BLR:21:2024-04-24
17-04-2024:06:46:42.005 INFO     7080908090:podtest:21:2024-05-02
17-04-2024:06:46:42.122 INFO     7080808080:70707070700987:10:2037-12-31
17-04-2024:06:46:42.182 INFO     7010000001:414141:plaintext:44:2024-05-04
17-04-2024:06:46:42.182 INFO     plaintext
17-04-2024:06:46:42.276 INFO     7010000001:HW_PUN:21:2024-04-25
17-04-2024:06:46:42.314 INFO     7010000001:414141:plaintext:44:2024-05-04
17-04-2024:06:46:42.314 INFO     plaintext
17-04-2024:06:46:43.111 INFO     7010000001:414141:414141test:44:2024-04-27
17-04-2024:06:46:43.111 INFO     414141test
17-04-2024:06:46:43.174 INFO     7010000001:414141:414141test:44:2024-04-27
17-04-2024:06:46:43.174 INFO     414141test
17-04-2024:06:46:53.334 INFO     7010000001:HW_KML:21:2024-04-24
17-04-2024:06:46:53.400 INFO     7010000001:414141:414141test:44:2024-04-20
17-04-2024:06:46:53.400 INFO     414141test
17-04-2024:06:46:53.401 INFO     7080808080:70707070700987:10:2037-12-31
17-04-2024:06:46:53.502 INFO     7010000001:HW_BLR:21:2024-04-24
17-04-2024:06:46:53.741 INFO     7080808080:70707070700987:10:2037-12-31
17-04-2024:06:46:53.778 INFO     7010000001:414141:plaintext:44:2024-05-04
17-04-2024:06:46:53.778 INFO     plaintext
17-04-2024:06:46:53.811 INFO     7080908090:podtest:21:2024-05-02
17-04-2024:06:46:53.946 INFO     7010000001:414141:plaintext:44:2024-05-04
17-04-2024:06:46:53.946 INFO     plaintext
17-04-2024:06:46:53.967 INFO     7010000001:HW_PUN:21:2024-04-25
17-04-2024:06:46:54.066 INFO     7010000001:414141:414141test:44:2024-04-27
17-04-2024:06:46:54.066 INFO     414141test
17-04-2024:06:46:54.278 INFO     7010000001:HW_PUN:21:2024-04-25
17-04-2024:06:46:54.447 INFO     7010000001:414141:414141test:44:2024-04-27
17-04-2024:06:46:54.447 INFO     414141test
17-04-2024:06:47:04.586 INFO     7010000001:HW_KML:21:2024-04-24
17-04-2024:06:47:04.635 INFO     7010000001:414141:414141test:44:2024-04-20
17-04-2024:06:47:04.636 INFO     414141test
17-04-2024:06:47:04.662 INFO     7080808080:70707070700987:10:2037-12-31
17-04-2024:06:47:04.883 INFO     7010000001:HW_BLR:21:2024-04-24
17-04-2024:06:47:04.924 INFO     7010000001:414141:plaintext:44:2024-05-04
17-04-2024:06:47:04.924 INFO     plaintext
17-04-2024:06:47:04.969 INFO     7080808080:70707070700987:10:2037-12-31
17-04-2024:06:47:05.076 INFO     7080908090:podtest:21:2024-05-02
17-04-2024:06:47:05.097 INFO     7010000001:414141:plaintext:44:2024-05-04
17-04-2024:06:47:05.100 INFO     plaintext
17-04-2024:06:47:05.164 INFO     7010000001:HW_PUN:21:2024-04-25
17-04-2024:06:47:05.340 INFO     7010000001:414141:414141test:44:2024-04-27
17-04-2024:06:47:05.340 INFO     414141test
17-04-2024:06:47:05.863 INFO     7010000001:HW_PUN:21:2024-04-25
17-04-2024:06:47:05.929 INFO     7010000001:414141:414141test:44:2024-04-27
17-04-2024:06:47:05.929 INFO     414141test
17-04-2024:06:47:16.146 INFO     7010000001:HW_KML:21:2024-04-24
17-04-2024:06:47:16.222 INFO     7010000001:414141:414141test:44:2024-04-20
17-04-2024:06:47:16.231 INFO     414141test
17-04-2024:06:47:16.232 INFO     7080808080:70707070700987:10:2037-12-31
17-04-2024:06:47:16.233 INFO     7010000001:414141:plaintext:44:2024-05-04
17-04-2024:06:47:16.233 INFO     plaintext
17-04-2024:06:47:16.294 INFO     7010000001:HW_BLR:21:2024-04-24
17-04-2024:06:47:16.424 INFO     7010000001:414141:plaintext:44:2024-05-04
17-04-2024:06:47:16.424 INFO     plaintext
17-04-2024:06:47:16.450 INFO     7080908090:podtest:21:2024-05-02
17-04-2024:06:47:16.451 INFO     7080808080:70707070700987:10:2037-12-31
17-04-2024:06:47:16.596 INFO     7010000001:414141:414141test:44:2024-04-27
17-04-2024:06:47:16.596 INFO     414141test
17-04-2024:06:47:16.676 INFO     7010000001:HW_PUN:21:2024-04-25
17-04-2024:06:47:16.945 INFO     7010000001:414141:414141test:44:2024-04-27
17-04-2024:06:47:16.945 INFO     414141test
17-04-2024:06:47:17.005 INFO     7010000001:HW_PUN:21:2024-04-25
17-04-2024:06:47:28.111 INFO     7010000001:HW_KML:21:2024-04-24
17-04-2024:06:47:28.334 INFO     7010000001:414141:414141test:44:2024-04-20
17-04-2024:06:47:28.334 INFO     414141test
17-04-2024:06:47:28.410 INFO     7080808080:70707070700987:10:2037-12-31
17-04-2024:06:47:29.108 INFO     7080808080:70707070700987:10:2037-12-31
17-04-2024:06:47:29.441 INFO     7010000001:HW_BLR:21:2024-04-24
17-04-2024:06:47:29.534 INFO     7010000001:414141:plaintext:44:2024-05-04
17-04-2024:06:47:29.534 INFO     plaintext
17-04-2024:06:47:29.847 INFO     7010000001:414141:plaintext:44:2024-05-04
17-04-2024:06:47:29.847 INFO     plaintext
17-04-2024:06:47:29.866 INFO     7080908090:podtest:21:2024-05-02
17-04-2024:06:47:29.994 INFO     7010000001:414141:414141test:44:2024-04-27
17-04-2024:06:47:29.994 INFO     414141test
17-04-2024:06:47:30.013 INFO     7010000001:HW_PUN:21:2024-04-25
17-04-2024:06:47:30.581 INFO     7010000001:414141:414141test:44:2024-04-27
17-04-2024:06:47:30.581 INFO     414141test
17-04-2024:06:47:30.847 INFO     7010000001:HW_PUN:21:2024-04-25
17-04-2024:06:47:41.500 INFO     7010000001:HW_KML:21:2024-04-24
17-04-2024:06:47:41.658 INFO     7010000001:414141:414141test:44:2024-04-20
17-04-2024:06:47:41.658 INFO     414141test
17-04-2024:06:47:41.659 INFO     7080808080:70707070700987:10:2037-12-31
17-04-2024:06:47:41.849 INFO     7080808080:70707070700987:10:2037-12-31
17-04-2024:06:47:41.876 INFO     7010000001:HW_BLR:21:2024-04-24
17-04-2024:06:47:41.904 INFO     7010000001:414141:plaintext:44:2024-05-04
17-04-2024:06:47:41.905 INFO     plaintext
17-04-2024:06:47:41.955 INFO     7080908090:podtest:21:2024-05-02
17-04-2024:06:47:42.055 INFO     7010000001:414141:plaintext:44:2024-05-04
17-04-2024:06:47:42.055 INFO     plaintext
17-04-2024:06:47:42.101 INFO     7010000001:HW_PUN:21:2024-04-25
17-04-2024:06:47:42.181 INFO     7010000001:414141:414141test:44:2024-04-27
17-04-2024:06:47:42.181 INFO     414141test
17-04-2024:06:47:42.209 INFO     7010000001:HW_PUN:21:2024-04-25
17-04-2024:06:47:42.297 INFO     7010000001:414141:414141test:44:2024-04-27
17-04-2024:06:47:42.297 INFO     414141test
17-04-2024:06:47:52.402 INFO     7010000001:HW_KML:21:2024-04-24
17-04-2024:06:47:52.416 INFO     7010000001:414141:414141test:44:2024-04-20
17-04-2024:06:47:52.416 INFO     414141test
17-04-2024:06:47:52.451 INFO     7080808080:70707070700987:10:2037-12-31
17-04-2024:06:47:52.592 INFO     7010000001:HW_BLR:21:2024-04-24
17-04-2024:06:47:52.730 INFO     7080808080:70707070700987:10:2037-12-31
17-04-2024:06:47:52.732 INFO     7010000001:414141:plaintext:44:2024-05-04
17-04-2024:06:47:52.733 INFO     plaintext
17-04-2024:06:47:52.802 INFO     7080908090:podtest:21:2024-05-02
17-04-2024:06:47:52.829 INFO     7010000001:414141:plaintext:44:2024-05-04
17-04-2024:06:47:52.832 INFO     plaintext
17-04-2024:06:47:52.942 INFO     7010000001:HW_PUN:21:2024-04-25
17-04-2024:06:47:53.003 INFO     7010000001:414141:414141test:44:2024-04-27
17-04-2024:06:47:53.003 INFO     414141test
17-04-2024:06:47:53.075 INFO     7010000001:414141:414141test:44:2024-04-27
17-04-2024:06:47:53.075 INFO     414141test
17-04-2024:06:47:53.097 INFO     7010000001:HW_PUN:21:2024-04-25
17-04-2024:06:48:03.257 INFO     7010000001:HW_KML:21:2024-04-24
17-04-2024:06:48:03.329 INFO     7080808080:70707070700987:10:2037-12-31
17-04-2024:06:48:03.383 INFO     7010000001:414141:414141test:44:2024-04-20
17-04-2024:06:48:03.383 INFO     414141test
17-04-2024:06:48:03.472 INFO     7010000001:HW_BLR:21:2024-04-24
17-04-2024:06:48:03.519 INFO     7010000001:414141:plaintext:44:2024-05-04
17-04-2024:06:48:03.519 INFO     plaintext
17-04-2024:06:48:03.585 INFO     7080808080:70707070700987:10:2037-12-31
17-04-2024:06:48:03.717 INFO     7010000001:414141:plaintext:44:2024-05-04
17-04-2024:06:48:03.720 INFO     plaintext
17-04-2024:06:48:03.741 INFO     7080908090:podtest:21:2024-05-02
17-04-2024:06:48:03.895 INFO     7010000001:HW_PUN:21:2024-04-25
17-04-2024:06:48:03.937 INFO     7010000001:414141:414141test:44:2024-04-27
17-04-2024:06:48:03.937 INFO     414141test
17-04-2024:06:48:03.987 INFO     7010000001:HW_PUN:21:2024-04-25
17-04-2024:06:48:04.033 INFO     7010000001:414141:414141test:44:2024-04-27
17-04-2024:06:48:04.035 INFO     414141test
17-04-2024:06:48:14.164 INFO     7010000001:414141:414141test:44:2024-04-20
17-04-2024:06:48:14.164 INFO     414141test
17-04-2024:06:48:14.180 INFO     7010000001:HW_KML:21:2024-04-24
17-04-2024:06:48:14.221 INFO     7080808080:70707070700987:10:2037-12-31
17-04-2024:06:48:14.317 INFO     7010000001:414141:plaintext:44:2024-05-04
17-04-2024:06:48:14.335 INFO     plaintext
17-04-2024:06:48:14.407 INFO     7010000001:HW_BLR:21:2024-04-24
17-04-2024:06:48:14.473 INFO     7080808080:70707070700987:10:2037-12-31
17-04-2024:06:48:14.517 INFO     7010000001:414141:plaintext:44:2024-05-04
17-04-2024:06:48:14.517 INFO     plaintext
17-04-2024:06:48:14.629 INFO     7080908090:podtest:21:2024-05-02
17-04-2024:06:48:14.728 INFO     7010000001:HW_PUN:21:2024-04-25
17-04-2024:06:48:14.745 INFO     7010000001:414141:414141test:44:2024-04-27
17-04-2024:06:48:14.745 INFO     414141test
17-04-2024:06:48:14.840 INFO     7010000001:414141:414141test:44:2024-04-27
17-04-2024:06:48:14.840 INFO     414141test
17-04-2024:06:48:15.132 INFO     7010000001:HW_PUN:21:2024-04-25
17-04-2024:06:48:25.289 INFO     7010000001:HW_KML:21:2024-04-24
17-04-2024:06:48:25.369 INFO     7010000001:414141:414141test:44:2024-04-20
17-04-2024:06:48:25.369 INFO     414141test
17-04-2024:06:48:25.370 INFO     7080808080:70707070700987:10:2037-12-31
17-04-2024:06:48:25.451 INFO     7010000001:HW_BLR:21:2024-04-24
17-04-2024:06:48:25.521 INFO     7010000001:414141:plaintext:44:2024-05-04
17-04-2024:06:48:25.521 INFO     plaintext
17-04-2024:06:48:25.562 INFO     7080808080:70707070700987:10:2037-12-31
17-04-2024:06:48:25.583 INFO     7080908090:podtest:21:2024-05-02
17-04-2024:06:48:25.773 INFO     7010000001:414141:plaintext:44:2024-05-04
17-04-2024:06:48:25.773 INFO     plaintext
17-04-2024:06:48:25.812 INFO     7010000001:HW_PUN:21:2024-04-25
17-04-2024:06:48:25.992 INFO     7010000001:HW_PUN:21:2024-04-25
17-04-2024:06:48:26.015 INFO     7010000001:414141:414141test:44:2024-04-27
17-04-2024:06:48:26.015 INFO     414141test
17-04-2024:06:48:26.107 INFO     7010000001:414141:414141test:44:2024-04-27
17-04-2024:06:48:26.107 INFO     414141test
17-04-2024:06:48:36.243 INFO     7010000001:HW_KML:21:2024-04-24
17-04-2024:06:48:36.283 INFO     7010000001:414141:414141test:44:2024-04-20
17-04-2024:06:48:36.284 INFO     414141test
17-04-2024:06:48:36.366 INFO     7080808080:70707070700987:10:2037-12-31
17-04-2024:06:48:36.425 INFO     7010000001:HW_BLR:21:2024-04-24
17-04-2024:06:48:36.487 INFO     7080808080:70707070700987:10:2037-12-31
17-04-2024:06:48:36.601 INFO     7010000001:414141:plaintext:44:2024-05-04
17-04-2024:06:48:36.602 INFO     plaintext
17-04-2024:06:48:36.683 INFO     7080908090:podtest:21:2024-05-02
17-04-2024:06:48:36.815 INFO     7010000001:414141:plaintext:44:2024-05-04
17-04-2024:06:48:36.815 INFO     plaintext
17-04-2024:06:48:36.842 INFO     7010000001:HW_PUN:21:2024-04-25
17-04-2024:06:48:36.940 INFO     7010000001:414141:414141test:44:2024-04-27
17-04-2024:06:48:36.940 INFO     414141test
17-04-2024:06:48:37.001 INFO     7010000001:HW_PUN:21:2024-04-25
17-04-2024:06:48:37.086 INFO     7010000001:414141:414141test:44:2024-04-27
17-04-2024:06:48:37.087 INFO     414141test
17-04-2024:06:48:47.641 INFO     7010000001:HW_KML:21:2024-04-24
17-04-2024:06:48:47.649 INFO     7010000001:414141:414141test:44:2024-04-20
17-04-2024:06:48:47.649 INFO     414141test
17-04-2024:06:48:47.659 INFO     7080808080:70707070700987:10:2037-12-31
17-04-2024:06:48:48.313 INFO     7010000001:414141:plaintext:44:2024-05-04
17-04-2024:06:48:48.321 INFO     plaintext
17-04-2024:06:48:48.372 INFO     7080808080:70707070700987:10:2037-12-31
17-04-2024:06:48:48.374 INFO     7010000001:HW_BLR:21:2024-04-24
17-04-2024:06:48:48.491 INFO     7010000001:414141:plaintext:44:2024-05-04
17-04-2024:06:48:48.491 INFO     plaintext
17-04-2024:06:48:48.623 INFO     7080908090:podtest:21:2024-05-02
17-04-2024:06:48:48.690 INFO     7010000001:414141:414141test:44:2024-04-27
17-04-2024:06:48:48.690 INFO     414141test
17-04-2024:06:48:48.744 INFO     7010000001:HW_PUN:21:2024-04-25
17-04-2024:06:48:48.780 INFO     7010000001:414141:414141test:44:2024-04-27
17-04-2024:06:48:48.780 INFO     414141test
17-04-2024:06:48:48.888 INFO     7010000001:HW_PUN:21:2024-04-25
17-04-2024:06:48:58.977 INFO     7010000001:HW_KML:21:2024-04-24
17-04-2024:06:48:59.030 INFO     7080808080:70707070700987:10:2037-12-31
17-04-2024:06:48:59.038 INFO     7010000001:414141:414141test:44:2024-04-20
17-04-2024:06:48:59.038 INFO     414141test
17-04-2024:06:48:59.142 INFO     7010000001:HW_BLR:21:2024-04-24
17-04-2024:06:48:59.293 INFO     7080808080:70707070700987:10:2037-12-31
17-04-2024:06:48:59.385 INFO     7010000001:414141:plaintext:44:2024-05-04
17-04-2024:06:48:59.385 INFO     plaintext
17-04-2024:06:48:59.406 INFO     7080908090:podtest:21:2024-05-02
17-04-2024:06:48:59.537 INFO     7010000001:414141:plaintext:44:2024-05-04
17-04-2024:06:48:59.537 INFO     plaintext
17-04-2024:06:48:59.563 INFO     7010000001:HW_PUN:21:2024-04-25
17-04-2024:06:48:59.741 INFO     7010000001:414141:414141test:44:2024-04-27
17-04-2024:06:48:59.742 INFO     414141test
17-04-2024:06:48:59.760 INFO     7010000001:HW_PUN:21:2024-04-25
17-04-2024:06:48:59.876 INFO     7010000001:414141:414141test:44:2024-04-27
17-04-2024:06:48:59.877 INFO     414141test
17-04-2024:06:49:10.089 INFO     7010000001:HW_KML:21:2024-04-24
17-04-2024:06:49:10.132 INFO     7010000001:414141:414141test:44:2024-04-20
17-04-2024:06:49:10.132 INFO     414141test
17-04-2024:06:49:10.165 INFO     7080808080:70707070700987:10:2037-12-31
17-04-2024:06:49:10.273 INFO     7010000001:HW_BLR:21:2024-04-24
17-04-2024:06:49:10.344 INFO     7010000001:414141:plaintext:44:2024-05-04
17-04-2024:06:49:10.344 INFO     plaintext
17-04-2024:06:49:10.477 INFO     7080808080:70707070700987:10:2037-12-31
17-04-2024:06:49:10.506 INFO     7080908090:podtest:21:2024-05-02
17-04-2024:06:49:10.647 INFO     7010000001:414141:plaintext:44:2024-05-04
17-04-2024:06:49:10.647 INFO     plaintext
17-04-2024:06:49:10.834 INFO     7010000001:HW_PUN:21:2024-04-25
17-04-2024:06:49:11.141 INFO     7010000001:414141:414141test:44:2024-04-27
17-04-2024:06:49:11.141 INFO     414141test
17-04-2024:06:49:11.321 INFO     7010000001:HW_PUN:21:2024-04-25
17-04-2024:06:49:11.499 INFO     7010000001:414141:414141test:44:2024-04-27
17-04-2024:06:49:11.499 INFO     414141test
17-04-2024:06:49:21.573 INFO     7010000001:HW_KML:21:2024-04-24
17-04-2024:06:49:21.597 INFO     7010000001:414141:414141test:44:2024-04-20
17-04-2024:06:49:21.597 INFO     414141test
17-04-2024:06:49:21.623 INFO     7080808080:70707070700987:10:2037-12-31
17-04-2024:06:49:21.674 INFO     7010000001:HW_BLR:21:2024-04-24
17-04-2024:06:49:21.985 INFO     7010000001:414141:plaintext:44:2024-05-04
17-04-2024:06:49:21.986 INFO     plaintext
17-04-2024:06:49:22.143 INFO     7080808080:70707070700987:10:2037-12-31
17-04-2024:06:49:22.205 INFO     7010000001:414141:plaintext:44:2024-05-04
17-04-2024:06:49:22.205 INFO     plaintext
17-04-2024:06:49:22.207 INFO     7080908090:podtest:21:2024-05-02
17-04-2024:06:49:22.344 INFO     7010000001:414141:414141test:44:2024-04-27
17-04-2024:06:49:22.344 INFO     414141test
17-04-2024:06:49:22.431 INFO     7010000001:414141:414141test:44:2024-04-27
17-04-2024:06:49:22.431 INFO     414141test
17-04-2024:06:49:22.477 INFO     7010000001:HW_PUN:21:2024-04-25
17-04-2024:06:49:22.554 INFO     7010000001:HW_PUN:21:2024-04-25
17-04-2024:06:49:32.626 INFO     7010000001:HW_KML:21:2024-04-24
17-04-2024:06:49:32.673 INFO     7010000001:414141:414141test:44:2024-04-20
17-04-2024:06:49:32.673 INFO     414141test
17-04-2024:06:49:32.703 INFO     7080808080:70707070700987:10:2037-12-31
17-04-2024:06:49:32.768 INFO     7010000001:HW_BLR:21:2024-04-24
17-04-2024:06:49:32.851 INFO     7010000001:414141:plaintext:44:2024-05-04
17-04-2024:06:49:32.851 INFO     plaintext
17-04-2024:06:49:32.891 INFO     7080808080:70707070700987:10:2037-12-31
17-04-2024:06:49:32.995 INFO     7080908090:podtest:21:2024-05-02
17-04-2024:06:49:33.043 INFO     7010000001:414141:plaintext:44:2024-05-04
17-04-2024:06:49:33.044 INFO     plaintext
17-04-2024:06:49:33.166 INFO     7010000001:HW_PUN:21:2024-04-25
17-04-2024:06:49:33.223 INFO     7010000001:414141:414141test:44:2024-04-27
17-04-2024:06:49:33.232 INFO     414141test
17-04-2024:06:49:33.271 INFO     7010000001:HW_PUN:21:2024-04-25
17-04-2024:06:49:33.356 INFO     7010000001:414141:414141test:44:2024-04-27
17-04-2024:06:49:33.356 INFO     414141test
17-04-2024:06:49:43.455 INFO     7010000001:HW_KML:21:2024-04-24
17-04-2024:06:49:43.481 INFO     7010000001:414141:414141test:44:2024-04-20
17-04-2024:06:49:43.481 INFO     414141test
17-04-2024:06:49:43.521 INFO     7080808080:70707070700987:10:2037-12-31
17-04-2024:06:49:43.658 INFO     7010000001:HW_BLR:21:2024-04-24
17-04-2024:06:49:43.696 INFO     7010000001:414141:plaintext:44:2024-05-04
17-04-2024:06:49:43.696 INFO     plaintext
17-04-2024:06:49:43.748 INFO     7080808080:70707070700987:10:2037-12-31
17-04-2024:06:49:43.820 INFO     7080908090:podtest:21:2024-05-02
17-04-2024:06:49:43.877 INFO     7010000001:414141:plaintext:44:2024-05-04
17-04-2024:06:49:43.877 INFO     plaintext
17-04-2024:06:49:44.005 INFO     7010000001:414141:414141test:44:2024-04-27
17-04-2024:06:49:44.005 INFO     414141test
17-04-2024:06:49:44.033 INFO     7010000001:HW_PUN:21:2024-04-25
17-04-2024:06:49:44.127 INFO     7010000001:HW_PUN:21:2024-04-25
17-04-2024:06:49:44.145 INFO     7010000001:414141:414141test:44:2024-04-27
17-04-2024:06:49:44.145 INFO     414141test
17-04-2024:06:49:54.263 INFO     7010000001:HW_KML:21:2024-04-24
17-04-2024:06:49:54.343 INFO     7010000001:414141:414141test:44:2024-04-20
17-04-2024:06:49:54.343 INFO     414141test
17-04-2024:06:49:54.347 INFO     7080808080:70707070700987:10:2037-12-31
17-04-2024:06:49:54.527 INFO     7010000001:HW_BLR:21:2024-04-24
17-04-2024:06:49:54.581 INFO     7010000001:414141:plaintext:44:2024-05-04
17-04-2024:06:49:54.581 INFO     plaintext
17-04-2024:06:49:54.880 INFO     7080908090:podtest:21:2024-05-02
17-04-2024:06:49:54.912 INFO     7010000001:414141:plaintext:44:2024-05-04
17-04-2024:06:49:54.912 INFO     plaintext
17-04-2024:06:49:54.950 INFO     7080808080:70707070700987:10:2037-12-31
17-04-2024:06:49:55.076 INFO     7010000001:HW_PUN:21:2024-04-25
17-04-2024:06:49:55.158 INFO     7010000001:414141:414141test:44:2024-04-27
17-04-2024:06:49:55.158 INFO     414141test
17-04-2024:06:49:55.376 INFO     7010000001:HW_PUN:21:2024-04-25
17-04-2024:06:49:55.447 INFO     7010000001:414141:414141test:44:2024-04-27
17-04-2024:06:49:55.459 INFO     414141test
17-04-2024:06:50:05.800 INFO     7010000001:414141:414141test:44:2024-04-20
17-04-2024:06:50:05.800 INFO     414141test
17-04-2024:06:50:05.811 INFO     7010000001:HW_KML:21:2024-04-24
17-04-2024:06:50:05.812 INFO     7080808080:70707070700987:10:2037-12-31
17-04-2024:06:50:06.257 INFO     7010000001:HW_BLR:21:2024-04-24
17-04-2024:06:50:06.345 INFO     7080808080:70707070700987:10:2037-12-31
17-04-2024:06:50:06.640 INFO     7010000001:414141:plaintext:44:2024-05-04
17-04-2024:06:50:06.644 INFO     plaintext
17-04-2024:06:50:07.100 INFO     7080908090:podtest:21:2024-05-02
17-04-2024:06:50:08.418 INFO     7010000001:414141:plaintext:44:2024-05-04
17-04-2024:06:50:08.419 INFO     plaintext
17-04-2024:06:50:08.636 INFO     7010000001:HW_PUN:21:2024-04-25
17-04-2024:06:50:08.741 INFO     7010000001:414141:414141test:44:2024-04-27
17-04-2024:06:50:08.741 INFO     414141test
17-04-2024:06:50:08.980 INFO     7010000001:HW_PUN:21:2024-04-25
17-04-2024:06:50:09.048 INFO     7010000001:414141:414141test:44:2024-04-27
17-04-2024:06:50:09.051 INFO     414141test
17-04-2024:06:50:19.214 INFO     7010000001:HW_KML:21:2024-04-24
17-04-2024:06:50:19.252 INFO     7010000001:414141:414141test:44:2024-04-20
17-04-2024:06:50:19.252 INFO     414141test
17-04-2024:06:50:19.332 INFO     7080808080:70707070700987:10:2037-12-31
17-04-2024:06:50:19.463 INFO     7010000001:HW_BLR:21:2024-04-24
17-04-2024:06:50:19.497 INFO     7010000001:414141:plaintext:44:2024-05-04
17-04-2024:06:50:19.498 INFO     plaintext
17-04-2024:06:50:19.568 INFO     7080808080:70707070700987:10:2037-12-31
17-04-2024:06:50:19.784 INFO     7080908090:podtest:21:2024-05-02
17-04-2024:06:50:19.807 INFO     7010000001:414141:plaintext:44:2024-05-04
17-04-2024:06:50:19.808 INFO     plaintext
17-04-2024:06:50:20.234 INFO     7010000001:HW_PUN:21:2024-04-25
17-04-2024:06:50:20.262 INFO     7010000001:414141:414141test:44:2024-04-27
17-04-2024:06:50:20.262 INFO     414141test
17-04-2024:06:50:20.264 INFO     7010000001:HW_PUN:21:2024-04-25
17-04-2024:06:50:20.462 INFO     7010000001:414141:414141test:44:2024-04-27
17-04-2024:06:50:20.462 INFO     414141test
17-04-2024:06:50:30.621 INFO     7010000001:HW_KML:21:2024-04-24
17-04-2024:06:50:30.637 INFO     7080808080:70707070700987:10:2037-12-31
17-04-2024:06:50:30.639 INFO     7010000001:414141:414141test:44:2024-04-20
17-04-2024:06:50:30.639 INFO     414141test
17-04-2024:06:50:30.800 INFO     7010000001:414141:plaintext:44:2024-05-04
17-04-2024:06:50:30.800 INFO     plaintext
17-04-2024:06:50:30.804 INFO     7080808080:70707070700987:10:2037-12-31
17-04-2024:06:50:30.804 INFO     7010000001:HW_BLR:21:2024-04-24
17-04-2024:06:50:31.298 INFO     7080908090:podtest:21:2024-05-02
17-04-2024:06:50:31.332 INFO     7010000001:414141:plaintext:44:2024-05-04
17-04-2024:06:50:31.332 INFO     plaintext
17-04-2024:06:50:31.563 INFO     7010000001:414141:414141test:44:2024-04-27
17-04-2024:06:50:31.564 INFO     414141test
17-04-2024:06:50:31.568 INFO     7010000001:HW_PUN:21:2024-04-25
17-04-2024:06:50:31.620 INFO     7010000001:HW_PUN:21:2024-04-25
17-04-2024:06:50:31.659 INFO     7010000001:414141:414141test:44:2024-04-27
17-04-2024:06:50:31.660 INFO     414141test
17-04-2024:06:50:41.783 INFO     7010000001:HW_KML:21:2024-04-24
17-04-2024:06:50:41.810 INFO     7010000001:414141:414141test:44:2024-04-20
17-04-2024:06:50:41.810 INFO     414141test
17-04-2024:06:50:41.883 INFO     7080808080:70707070700987:10:2037-12-31
17-04-2024:06:50:41.918 INFO     7010000001:HW_BLR:21:2024-04-24
17-04-2024:06:50:42.018 INFO     7010000001:414141:plaintext:44:2024-05-04
17-04-2024:06:50:42.018 INFO     plaintext
17-04-2024:06:50:42.075 INFO     7080808080:70707070700987:10:2037-12-31
17-04-2024:06:50:42.118 INFO     7080908090:podtest:21:2024-05-02
17-04-2024:06:50:42.286 INFO     7010000001:414141:plaintext:44:2024-05-04
17-04-2024:06:50:42.287 INFO     plaintext
17-04-2024:06:50:42.692 INFO     7010000001:HW_PUN:21:2024-04-25
17-04-2024:06:50:43.303 INFO     7010000001:414141:414141test:44:2024-04-27
17-04-2024:06:50:43.303 INFO     414141test
17-04-2024:06:50:43.358 INFO     7010000001:414141:414141test:44:2024-04-27
17-04-2024:06:50:43.359 INFO     414141test
17-04-2024:06:50:43.425 INFO     7010000001:HW_PUN:21:2024-04-25
17-04-2024:06:50:53.564 INFO     7010000001:HW_KML:21:2024-04-24
17-04-2024:06:50:53.651 INFO     7010000001:414141:414141test:44:2024-04-20
17-04-2024:06:50:53.651 INFO     414141test
17-04-2024:06:50:53.677 INFO     7080808080:70707070700987:10:2037-12-31
17-04-2024:06:50:53.785 INFO     7010000001:HW_BLR:21:2024-04-24
17-04-2024:06:50:53.857 INFO     7010000001:414141:plaintext:44:2024-05-04
17-04-2024:06:50:53.857 INFO     plaintext
17-04-2024:06:50:53.924 INFO     7080908090:podtest:21:2024-05-02
17-04-2024:06:50:53.925 INFO     7080808080:70707070700987:10:2037-12-31
17-04-2024:06:50:54.062 INFO     7010000001:414141:plaintext:44:2024-05-04
17-04-2024:06:50:54.062 INFO     plaintext
17-04-2024:06:50:54.148 INFO     7010000001:HW_PUN:21:2024-04-25
17-04-2024:06:50:54.195 INFO     7010000001:414141:414141test:44:2024-04-27
17-04-2024:06:50:54.196 INFO     414141test
17-04-2024:06:50:54.279 INFO     7010000001:HW_PUN:21:2024-04-25
17-04-2024:06:50:54.303 INFO     7010000001:414141:414141test:44:2024-04-27
17-04-2024:06:50:54.303 INFO     414141test
17-04-2024:06:51:04.474 INFO     7010000001:HW_KML:21:2024-04-24
17-04-2024:06:51:04.555 INFO     7010000001:414141:414141test:44:2024-04-20
17-04-2024:06:51:04.555 INFO     414141test
17-04-2024:06:51:04.557 INFO     7080808080:70707070700987:10:2037-12-31
17-04-2024:06:51:04.900 INFO     7010000001:HW_BLR:21:2024-04-24
17-04-2024:06:51:04.931 INFO     7010000001:414141:plaintext:44:2024-05-04
17-04-2024:06:51:04.931 INFO     plaintext
17-04-2024:06:51:05.016 INFO     7080808080:70707070700987:10:2037-12-31
17-04-2024:06:51:05.052 INFO     7080908090:podtest:21:2024-05-02
17-04-2024:06:51:05.099 INFO     7010000001:414141:plaintext:44:2024-05-04
17-04-2024:06:51:05.099 INFO     plaintext
17-04-2024:06:51:05.195 INFO     7010000001:414141:414141test:44:2024-04-27
17-04-2024:06:51:05.195 INFO     414141test
17-04-2024:06:51:05.242 INFO     7010000001:HW_PUN:21:2024-04-25
17-04-2024:06:51:05.329 INFO     7010000001:414141:414141test:44:2024-04-27
17-04-2024:06:51:05.329 INFO     414141test
17-04-2024:06:51:05.361 INFO     7010000001:HW_PUN:21:2024-04-25
17-04-2024:06:51:15.639 INFO     7010000001:HW_KML:21:2024-04-24
17-04-2024:06:51:15.681 INFO     7010000001:414141:414141test:44:2024-04-20
17-04-2024:06:51:15.681 INFO     414141test
17-04-2024:06:51:15.682 INFO     7080808080:70707070700987:10:2037-12-31
17-04-2024:06:51:15.806 INFO     7010000001:414141:plaintext:44:2024-05-04
17-04-2024:06:51:15.806 INFO     plaintext
17-04-2024:06:51:15.835 INFO     7080808080:70707070700987:10:2037-12-31
17-04-2024:06:51:15.850 INFO     7010000001:HW_BLR:21:2024-04-24
17-04-2024:06:51:15.925 INFO     7010000001:414141:plaintext:44:2024-05-04
17-04-2024:06:51:15.925 INFO     plaintext
17-04-2024:06:51:16.063 INFO     7080908090:podtest:21:2024-05-02
17-04-2024:06:51:16.086 INFO     7010000001:414141:414141test:44:2024-04-27
17-04-2024:06:51:16.086 INFO     414141test
17-04-2024:06:51:16.185 INFO     7010000001:HW_PUN:21:2024-04-25
17-04-2024:06:51:16.336 INFO     7010000001:414141:414141test:44:2024-04-27
17-04-2024:06:51:16.336 INFO     414141test
17-04-2024:06:51:16.681 INFO     7010000001:HW_PUN:21:2024-04-25
17-04-2024:06:51:27.025 INFO     7010000001:HW_KML:21:2024-04-24
17-04-2024:06:51:27.060 INFO     7080808080:70707070700987:10:2037-12-31
17-04-2024:06:51:27.075 INFO     7010000001:414141:414141test:44:2024-04-20
17-04-2024:06:51:27.075 INFO     414141test
17-04-2024:06:51:27.773 INFO     7010000001:HW_BLR:21:2024-04-24
17-04-2024:06:51:27.861 INFO     7080808080:70707070700987:10:2037-12-31
17-04-2024:06:51:28.023 INFO     7010000001:414141:plaintext:44:2024-05-04
17-04-2024:06:51:28.023 INFO     plaintext
17-04-2024:06:51:28.077 INFO     7080908090:podtest:21:2024-05-02
17-04-2024:06:51:28.179 INFO     7010000001:414141:plaintext:44:2024-05-04
17-04-2024:06:51:28.180 INFO     plaintext
17-04-2024:06:51:28.230 INFO     7010000001:HW_PUN:21:2024-04-25
17-04-2024:06:51:28.284 INFO     7010000001:414141:414141test:44:2024-04-27
17-04-2024:06:51:28.284 INFO     414141test
17-04-2024:06:51:28.343 INFO     7010000001:HW_PUN:21:2024-04-25
17-04-2024:06:51:28.436 INFO     7010000001:414141:414141test:44:2024-04-27
17-04-2024:06:51:28.437 INFO     414141test
17-04-2024:06:51:38.511 INFO     7010000001:HW_KML:21:2024-04-24
17-04-2024:06:51:38.533 INFO     7010000001:414141:414141test:44:2024-04-20
17-04-2024:06:51:38.533 INFO     414141test
17-04-2024:06:51:38.576 INFO     7080808080:70707070700987:10:2037-12-31
17-04-2024:06:51:38.661 INFO     7010000001:HW_BLR:21:2024-04-24
17-04-2024:06:51:38.757 INFO     7080808080:70707070700987:10:2037-12-31
17-04-2024:06:51:38.804 INFO     7080908090:podtest:21:2024-05-02
17-04-2024:06:51:38.859 INFO     7010000001:414141:plaintext:44:2024-05-04
17-04-2024:06:51:38.859 INFO     plaintext
17-04-2024:06:51:39.398 INFO     7010000001:HW_PUN:21:2024-04-25
17-04-2024:06:51:39.470 INFO     7010000001:414141:plaintext:44:2024-05-04
17-04-2024:06:51:39.470 INFO     plaintext
17-04-2024:06:51:39.525 INFO     7010000001:HW_PUN:21:2024-04-25
17-04-2024:06:51:39.526 INFO     7010000001:414141:414141test:44:2024-04-27
17-04-2024:06:51:39.526 INFO     414141test
17-04-2024:06:51:39.589 INFO     7010000001:414141:414141test:44:2024-04-27
17-04-2024:06:51:39.589 INFO     414141test
17-04-2024:06:51:49.950 INFO     7010000001:HW_KML:21:2024-04-24
17-04-2024:06:51:49.951 INFO     7010000001:414141:414141test:44:2024-04-20
17-04-2024:06:51:49.952 INFO     414141test
17-04-2024:06:51:49.982 INFO     7080808080:70707070700987:10:2037-12-31
17-04-2024:06:51:50.184 INFO     7080808080:70707070700987:10:2037-12-31
17-04-2024:06:51:50.233 INFO     7010000001:HW_BLR:21:2024-04-24
17-04-2024:06:51:50.234 INFO     7010000001:414141:plaintext:44:2024-05-04
17-04-2024:06:51:50.234 INFO     plaintext
17-04-2024:06:51:50.334 INFO     7010000001:414141:plaintext:44:2024-05-04
17-04-2024:06:51:50.334 INFO     plaintext
17-04-2024:06:51:50.362 INFO     7080908090:podtest:21:2024-05-02
17-04-2024:06:51:50.526 INFO     7010000001:414141:414141test:44:2024-04-27
17-04-2024:06:51:50.526 INFO     414141test
17-04-2024:06:51:50.544 INFO     7010000001:HW_PUN:21:2024-04-25
17-04-2024:06:51:50.698 INFO     7010000001:414141:414141test:44:2024-04-27
17-04-2024:06:51:50.698 INFO     414141test
17-04-2024:06:51:50.741 INFO     7010000001:HW_PUN:21:2024-04-25
17-04-2024:06:52:00.849 INFO     7010000001:HW_KML:21:2024-04-24
17-04-2024:06:52:01.821 INFO     7010000001:414141:414141test:44:2024-04-20
17-04-2024:06:52:01.821 INFO     414141test
17-04-2024:06:52:01.822 INFO     7080808080:70707070700987:10:2037-12-31
17-04-2024:06:52:01.861 INFO     7080808080:70707070700987:10:2037-12-31
17-04-2024:06:52:01.862 INFO     7010000001:HW_BLR:21:2024-04-24
17-04-2024:06:52:01.863 INFO     7010000001:414141:plaintext:44:2024-05-04
17-04-2024:06:52:01.863 INFO     plaintext
17-04-2024:06:52:01.943 INFO     7080908090:podtest:21:2024-05-02
17-04-2024:06:52:01.964 INFO     7010000001:414141:plaintext:44:2024-05-04
17-04-2024:06:52:01.964 INFO     plaintext
17-04-2024:06:52:02.240 INFO     7010000001:HW_PUN:21:2024-04-25
17-04-2024:06:52:02.282 INFO     7010000001:414141:414141test:44:2024-04-27
17-04-2024:06:52:02.282 INFO     414141test
17-04-2024:06:52:02.607 INFO     7010000001:414141:414141test:44:2024-04-27
17-04-2024:06:52:02.607 INFO     414141test
17-04-2024:06:52:02.637 INFO     7010000001:HW_PUN:21:2024-04-25
17-04-2024:06:52:12.929 INFO     7010000001:414141:414141test:44:2024-04-20
17-04-2024:06:52:12.930 INFO     414141test
17-04-2024:06:52:12.944 INFO     7010000001:HW_KML:21:2024-04-24
17-04-2024:06:52:12.969 INFO     7080808080:70707070700987:10:2037-12-31
17-04-2024:06:52:13.097 INFO     7010000001:HW_BLR:21:2024-04-24
17-04-2024:06:52:13.143 INFO     7010000001:414141:plaintext:44:2024-05-04
17-04-2024:06:52:13.143 INFO     plaintext
17-04-2024:06:52:13.145 INFO     7080808080:70707070700987:10:2037-12-31
17-04-2024:06:52:13.255 INFO     7010000001:414141:plaintext:44:2024-05-04
17-04-2024:06:52:13.256 INFO     plaintext
17-04-2024:06:52:13.297 INFO     7080908090:podtest:21:2024-05-02
17-04-2024:06:52:13.374 INFO     7010000001:414141:414141test:44:2024-04-27
17-04-2024:06:52:13.383 INFO     414141test
17-04-2024:06:52:13.419 INFO     7010000001:HW_PUN:21:2024-04-25
17-04-2024:06:52:13.500 INFO     7010000001:414141:414141test:44:2024-04-27
17-04-2024:06:52:13.500 INFO     414141test
17-04-2024:06:52:13.568 INFO     7010000001:HW_PUN:21:2024-04-25
17-04-2024:06:52:23.927 INFO     7010000001:HW_KML:21:2024-04-24
17-04-2024:06:52:23.955 INFO     7010000001:414141:414141test:44:2024-04-20
17-04-2024:06:52:23.955 INFO     414141test
17-04-2024:06:52:24.007 INFO     7080808080:70707070700987:10:2037-12-31
17-04-2024:06:52:24.173 INFO     7010000001:414141:plaintext:44:2024-05-04
17-04-2024:06:52:24.173 INFO     plaintext
17-04-2024:06:52:24.206 INFO     7080808080:70707070700987:10:2037-12-31
17-04-2024:06:52:24.253 INFO     7010000001:HW_BLR:21:2024-04-24
17-04-2024:06:52:24.298 INFO     7010000001:414141:plaintext:44:2024-05-04
17-04-2024:06:52:24.298 INFO     plaintext
17-04-2024:06:52:24.724 INFO     7010000001:414141:414141test:44:2024-04-27
17-04-2024:06:52:24.724 INFO     414141test
17-04-2024:06:52:24.869 INFO     7080908090:podtest:21:2024-05-02
17-04-2024:06:52:25.028 INFO     7010000001:414141:414141test:44:2024-04-27
17-04-2024:06:52:25.031 INFO     414141test
17-04-2024:06:52:25.053 INFO     7010000001:HW_PUN:21:2024-04-25
17-04-2024:06:52:25.145 INFO     7010000001:HW_PUN:21:2024-04-25
17-04-2024:06:52:35.259 INFO     7010000001:HW_KML:21:2024-04-24
17-04-2024:06:52:35.336 INFO     7010000001:414141:414141test:44:2024-04-20
17-04-2024:06:52:35.336 INFO     414141test
17-04-2024:06:52:35.440 INFO     7080808080:70707070700987:10:2037-12-31
17-04-2024:06:52:35.512 INFO     7010000001:414141:plaintext:44:2024-05-04
17-04-2024:06:52:35.512 INFO     plaintext
17-04-2024:06:52:35.611 INFO     7010000001:HW_BLR:21:2024-04-24
17-04-2024:06:52:35.649 INFO     7080808080:70707070700987:10:2037-12-31
17-04-2024:06:52:35.729 INFO     7010000001:414141:plaintext:44:2024-05-04
17-04-2024:06:52:35.729 INFO     plaintext
17-04-2024:06:52:35.826 INFO     7080908090:podtest:21:2024-05-02
17-04-2024:06:52:35.867 INFO     7010000001:414141:414141test:44:2024-04-27
17-04-2024:06:52:35.867 INFO     414141test
17-04-2024:06:52:35.980 INFO     7010000001:HW_PUN:21:2024-04-25
17-04-2024:06:52:36.033 INFO     7010000001:414141:414141test:44:2024-04-27
17-04-2024:06:52:36.034 INFO     414141test
17-04-2024:06:52:36.088 INFO     7010000001:HW_PUN:21:2024-04-25
17-04-2024:06:52:46.175 INFO     7010000001:HW_KML:21:2024-04-24
17-04-2024:06:52:46.205 INFO     7010000001:414141:414141test:44:2024-04-20
17-04-2024:06:52:46.205 INFO     414141test
17-04-2024:06:52:46.207 INFO     7080808080:70707070700987:10:2037-12-31
17-04-2024:06:52:46.346 INFO     7010000001:HW_BLR:21:2024-04-24
17-04-2024:06:52:46.375 INFO     7080808080:70707070700987:10:2037-12-31
17-04-2024:06:52:46.404 INFO     7010000001:414141:plaintext:44:2024-05-04
17-04-2024:06:52:46.404 INFO     plaintext
17-04-2024:06:52:46.506 INFO     7080908090:podtest:21:2024-05-02
17-04-2024:06:52:46.591 INFO     7010000001:414141:plaintext:44:2024-05-04
17-04-2024:06:52:46.591 INFO     plaintext
17-04-2024:06:52:46.697 INFO     7010000001:414141:414141test:44:2024-04-27
17-04-2024:06:52:46.697 INFO     414141test
17-04-2024:06:52:46.737 INFO     7010000001:HW_PUN:21:2024-04-25
17-04-2024:06:52:46.906 INFO     7010000001:414141:414141test:44:2024-04-27
17-04-2024:06:52:46.906 INFO     414141test
17-04-2024:06:52:46.955 INFO     7010000001:HW_PUN:21:2024-04-25
17-04-2024:06:52:58.486 INFO     7010000001:414141:414141test:44:2024-04-20
17-04-2024:06:52:58.486 INFO     414141test
17-04-2024:06:52:58.592 INFO     7010000001:HW_KML:21:2024-04-24
17-04-2024:06:52:58.651 INFO     7080808080:70707070700987:10:2037-12-31
17-04-2024:06:52:58.702 INFO     7010000001:HW_BLR:21:2024-04-24
17-04-2024:06:52:58.732 INFO     7010000001:414141:plaintext:44:2024-05-04
17-04-2024:06:52:58.732 INFO     plaintext
17-04-2024:06:52:58.789 INFO     7080808080:70707070700987:10:2037-12-31
17-04-2024:06:52:58.885 INFO     7080908090:podtest:21:2024-05-02
17-04-2024:06:52:58.915 INFO     7010000001:414141:plaintext:44:2024-05-04
17-04-2024:06:52:58.915 INFO     plaintext
17-04-2024:06:52:59.038 INFO     7010000001:414141:414141test:44:2024-04-27
17-04-2024:06:52:59.039 INFO     414141test
17-04-2024:06:52:59.071 INFO     7010000001:HW_PUN:21:2024-04-25
17-04-2024:06:52:59.130 INFO     7010000001:HW_PUN:21:2024-04-25
17-04-2024:06:52:59.398 INFO     7010000001:414141:414141test:44:2024-04-27
17-04-2024:06:52:59.398 INFO     414141test
17-04-2024:06:53:09.503 INFO     7010000001:HW_KML:21:2024-04-24
17-04-2024:06:53:09.604 INFO     7080808080:70707070700987:10:2037-12-31
17-04-2024:06:53:09.605 INFO     7010000001:414141:414141test:44:2024-04-20
17-04-2024:06:53:09.605 INFO     414141test
17-04-2024:06:53:09.656 INFO     7010000001:HW_BLR:21:2024-04-24
17-04-2024:06:53:09.694 INFO     7010000001:414141:plaintext:44:2024-05-04
17-04-2024:06:53:09.694 INFO     plaintext
17-04-2024:06:53:09.738 INFO     7080808080:70707070700987:10:2037-12-31
17-04-2024:06:53:09.874 INFO     7010000001:414141:plaintext:44:2024-05-04
17-04-2024:06:53:09.874 INFO     plaintext
17-04-2024:06:53:09.921 INFO     7080908090:podtest:21:2024-05-02
17-04-2024:06:53:09.998 INFO     7010000001:414141:414141test:44:2024-04-27
17-04-2024:06:53:09.998 INFO     414141test
17-04-2024:06:53:10.069 INFO     7010000001:HW_PUN:21:2024-04-25
17-04-2024:06:53:10.158 INFO     7010000001:414141:414141test:44:2024-04-27
17-04-2024:06:53:10.159 INFO     414141test
17-04-2024:06:53:10.201 INFO     7010000001:HW_PUN:21:2024-04-25
17-04-2024:06:53:20.281 INFO     7010000001:HW_KML:21:2024-04-24
17-04-2024:06:53:20.321 INFO     7010000001:414141:414141test:44:2024-04-20
17-04-2024:06:53:20.321 INFO     414141test
17-04-2024:06:53:20.407 INFO     7080808080:70707070700987:10:2037-12-31
17-04-2024:06:53:20.495 INFO     7010000001:HW_BLR:21:2024-04-24
17-04-2024:06:53:20.571 INFO     7080808080:70707070700987:10:2037-12-31
17-04-2024:06:53:20.687 INFO     7010000001:414141:plaintext:44:2024-05-04
17-04-2024:06:53:20.688 INFO     plaintext
17-04-2024:06:53:20.762 INFO     7080908090:podtest:21:2024-05-02
17-04-2024:06:53:20.859 INFO     7010000001:HW_PUN:21:2024-04-25
17-04-2024:06:53:20.937 INFO     7010000001:414141:plaintext:44:2024-05-04
17-04-2024:06:53:20.937 INFO     plaintext
17-04-2024:06:53:21.429 INFO     7010000001:HW_PUN:21:2024-04-25
17-04-2024:06:53:21.480 INFO     7010000001:414141:414141test:44:2024-04-27
17-04-2024:06:53:21.481 INFO     414141test
17-04-2024:06:53:21.604 INFO     7010000001:414141:414141test:44:2024-04-27
17-04-2024:06:53:21.605 INFO     414141test
17-04-2024:06:53:31.700 INFO     7010000001:HW_KML:21:2024-04-24
17-04-2024:06:53:31.731 INFO     7010000001:414141:414141test:44:2024-04-20
17-04-2024:06:53:31.731 INFO     414141test
17-04-2024:06:53:31.760 INFO     7080808080:70707070700987:10:2037-12-31
17-04-2024:06:53:31.882 INFO     7010000001:414141:plaintext:44:2024-05-04
17-04-2024:06:53:31.885 INFO     plaintext
17-04-2024:06:53:31.886 INFO     7010000001:HW_BLR:21:2024-04-24
17-04-2024:06:53:31.933 INFO     7080808080:70707070700987:10:2037-12-31
17-04-2024:06:53:32.056 INFO     7010000001:414141:plaintext:44:2024-05-04
17-04-2024:06:53:32.056 INFO     plaintext
17-04-2024:06:53:32.119 INFO     7080908090:podtest:21:2024-05-02
17-04-2024:06:53:32.259 INFO     7010000001:414141:414141test:44:2024-04-27
17-04-2024:06:53:32.260 INFO     414141test
17-04-2024:06:53:32.293 INFO     7010000001:HW_PUN:21:2024-04-25
17-04-2024:06:53:32.485 INFO     7010000001:414141:414141test:44:2024-04-27
17-04-2024:06:53:32.485 INFO     414141test
17-04-2024:06:53:32.540 INFO     7010000001:HW_PUN:21:2024-04-25
17-04-2024:06:53:42.701 INFO     7010000001:HW_KML:21:2024-04-24
17-04-2024:06:53:42.750 INFO     7080808080:70707070700987:10:2037-12-31
17-04-2024:06:53:42.780 INFO     7010000001:414141:414141test:44:2024-04-20
17-04-2024:06:53:42.780 INFO     414141test
17-04-2024:06:53:42.850 INFO     7080808080:70707070700987:10:2037-12-31
17-04-2024:06:53:42.876 INFO     7010000001:HW_BLR:21:2024-04-24
17-04-2024:06:53:43.026 INFO     7010000001:414141:plaintext:44:2024-05-04
17-04-2024:06:53:43.027 INFO     plaintext
17-04-2024:06:53:43.099 INFO     7080908090:podtest:21:2024-05-02
17-04-2024:06:53:43.127 INFO     7010000001:414141:plaintext:44:2024-05-04
17-04-2024:06:53:43.127 INFO     plaintext
17-04-2024:06:53:43.212 INFO     7010000001:HW_PUN:21:2024-04-25
17-04-2024:06:53:43.269 INFO     7010000001:414141:414141test:44:2024-04-27
17-04-2024:06:53:43.269 INFO     414141test
17-04-2024:06:53:43.418 INFO     7010000001:HW_PUN:21:2024-04-25
17-04-2024:06:53:43.418 INFO     7010000001:414141:414141test:44:2024-04-27
17-04-2024:06:53:43.418 INFO     414141test
17-04-2024:06:53:43.449 INFO     7010000001:HW_PUN:21:2024-04-25
17-04-2024:06:53:53.577 INFO     7010000001:HW_KML:21:2024-04-24
17-04-2024:06:53:53.597 INFO     7010000001:414141:414141test:44:2024-04-20
17-04-2024:06:53:53.597 INFO     414141test
17-04-2024:06:53:53.598 INFO     7080808080:70707070700987:10:2037-12-31
17-04-2024:06:53:53.713 INFO     7010000001:414141:plaintext:44:2024-05-04
17-04-2024:06:53:53.713 INFO     plaintext
17-04-2024:06:53:53.757 INFO     7010000001:HW_BLR:21:2024-04-24
17-04-2024:06:53:53.758 INFO     7080808080:70707070700987:10:2037-12-31
17-04-2024:06:53:53.845 INFO     7010000001:414141:plaintext:44:2024-05-04
17-04-2024:06:53:53.845 INFO     plaintext
17-04-2024:06:53:53.935 INFO     7080908090:podtest:21:2024-05-02
17-04-2024:06:53:53.978 INFO     7010000001:414141:414141test:44:2024-04-27
17-04-2024:06:53:53.978 INFO     414141test
17-04-2024:06:53:54.477 INFO     7010000001:HW_PUN:21:2024-04-25
17-04-2024:06:53:54.558 INFO     7010000001:414141:414141test:44:2024-04-27
17-04-2024:06:53:54.558 INFO     414141test
17-04-2024:06:53:54.603 INFO     7010000001:HW_PUN:21:2024-04-25
17-04-2024:06:53:54.887 INFO     7010000001:HW_PUN:21:2024-04-25
17-04-2024:06:54:05.032 INFO     7010000001:HW_KML:21:2024-04-24
17-04-2024:06:54:05.048 INFO     7010000001:414141:414141test:44:2024-04-20
17-04-2024:06:54:05.048 INFO     414141test
17-04-2024:06:54:05.089 INFO     7080808080:70707070700987:10:2037-12-31
17-04-2024:06:54:05.187 INFO     7010000001:HW_BLR:21:2024-04-24
17-04-2024:06:54:05.228 INFO     7010000001:414141:plaintext:44:2024-05-04
17-04-2024:06:54:05.228 INFO     plaintext
17-04-2024:06:54:05.253 INFO     7080808080:70707070700987:10:2037-12-31
17-04-2024:06:54:05.342 INFO     7080908090:podtest:21:2024-05-02
17-04-2024:06:54:05.427 INFO     7010000001:414141:plaintext:44:2024-05-04
17-04-2024:06:54:05.428 INFO     plaintext
17-04-2024:06:54:05.495 INFO     7010000001:HW_PUN:21:2024-04-25
17-04-2024:06:54:05.551 INFO     7010000001:414141:414141test:44:2024-04-27
17-04-2024:06:54:05.551 INFO     414141test
17-04-2024:06:54:05.655 INFO     7010000001:HW_PUN:21:2024-04-25
17-04-2024:06:54:05.711 INFO     7010000001:414141:414141test:44:2024-04-27
17-04-2024:06:54:05.712 INFO     414141test
17-04-2024:06:54:05.825 INFO     7010000001:HW_PUN:21:2024-04-25
17-04-2024:06:54:40.336 INFO     7010000001:HW_KML:21:2024-04-24
17-04-2024:06:54:40.697 INFO     7080808080:70707070700987:10:2037-12-31
17-04-2024:06:54:40.699 INFO     7010000001:414141:414141test:44:2024-04-20
17-04-2024:06:54:40.699 INFO     414141test
17-04-2024:06:54:40.931 INFO     7080808080:70707070700987:10:2037-12-31
17-04-2024:06:54:41.931 INFO     7010000001:414141:plaintext:44:2024-05-04
17-04-2024:06:54:41.931 INFO     plaintext
17-04-2024:06:54:42.579 INFO     7010000001:HW_BLR:21:2024-04-24
17-04-2024:06:54:42.781 INFO     7080908090:podtest:21:2024-05-02
17-04-2024:06:54:43.014 INFO     7010000001:414141:plaintext:44:2024-05-04
17-04-2024:06:54:43.015 INFO     plaintext
17-04-2024:06:54:43.233 INFO     7010000001:HW_PUN:21:2024-04-25
17-04-2024:06:54:43.333 INFO     7010000001:414141:414141test:44:2024-04-27
17-04-2024:06:54:43.333 INFO     414141test
17-04-2024:06:54:43.932 INFO     7010000001:HW_PUN:21:2024-04-25
17-04-2024:06:54:44.022 INFO     7010000001:414141:414141test:44:2024-04-27
17-04-2024:06:54:44.022 INFO     414141test
17-04-2024:06:54:44.184 INFO     7010000001:HW_PUN:21:2024-04-25
17-04-2024:06:54:54.330 INFO     7010000001:HW_KML:21:2024-04-24
17-04-2024:06:54:54.385 INFO     7010000001:414141:414141test:44:2024-04-20
17-04-2024:06:54:54.385 INFO     414141test
17-04-2024:06:54:54.414 INFO     7080808080:70707070700987:10:2037-12-31
17-04-2024:06:54:54.429 INFO     7010000001:HW_BLR:21:2024-04-24
17-04-2024:06:54:54.536 INFO     7010000001:414141:plaintext:44:2024-05-04
17-04-2024:06:54:54.536 INFO     plaintext
17-04-2024:06:54:54.603 INFO     7080808080:70707070700987:10:2037-12-31
17-04-2024:06:54:54.643 INFO     7080908090:podtest:21:2024-05-02
17-04-2024:06:54:54.717 INFO     7010000001:414141:plaintext:44:2024-05-04
17-04-2024:06:54:54.718 INFO     plaintext
17-04-2024:06:54:54.817 INFO     7010000001:HW_PUN:21:2024-04-25
17-04-2024:06:54:54.847 INFO     7010000001:414141:414141test:44:2024-04-27
17-04-2024:06:54:54.847 INFO     414141test
17-04-2024:06:54:55.055 INFO     7010000001:HW_PUN:21:2024-04-25
17-04-2024:06:54:55.076 INFO     7010000001:414141:414141test:44:2024-04-27
17-04-2024:06:54:55.076 INFO     414141test
17-04-2024:06:54:55.140 INFO     7010000001:HW_PUN:21:2024-04-25
17-04-2024:06:55:05.238 INFO     7010000001:HW_KML:21:2024-04-24
17-04-2024:06:55:05.277 INFO     7010000001:414141:414141test:44:2024-04-20
17-04-2024:06:55:05.278 INFO     414141test
17-04-2024:06:55:05.279 INFO     7080808080:70707070700987:10:2037-12-31
17-04-2024:06:55:05.448 INFO     7010000001:414141:plaintext:44:2024-05-04
17-04-2024:06:55:05.448 INFO     plaintext
17-04-2024:06:55:05.474 INFO     7080808080:70707070700987:10:2037-12-31
17-04-2024:06:55:05.504 INFO     7010000001:HW_BLR:21:2024-04-24
17-04-2024:06:55:05.630 INFO     7010000001:414141:plaintext:44:2024-05-04
17-04-2024:06:55:05.630 INFO     plaintext
17-04-2024:06:55:05.689 INFO     7080908090:podtest:21:2024-05-02
17-04-2024:06:55:05.792 INFO     7010000001:414141:414141test:44:2024-04-27
17-04-2024:06:55:05.792 INFO     414141test
17-04-2024:06:55:05.836 INFO     7010000001:HW_PUN:21:2024-04-25
17-04-2024:06:55:05.880 INFO     7010000001:414141:414141test:44:2024-04-27
17-04-2024:06:55:05.881 INFO     414141test
17-04-2024:06:55:05.969 INFO     7010000001:HW_PUN:21:2024-04-25
17-04-2024:06:55:06.046 INFO     7010000001:HW_PUN:21:2024-04-25
17-04-2024:06:55:16.228 INFO     7010000001:HW_KML:21:2024-04-24
17-04-2024:06:55:16.322 INFO     7010000001:414141:414141test:44:2024-04-20
17-04-2024:06:55:16.322 INFO     414141test
17-04-2024:06:55:16.324 INFO     7080808080:70707070700987:10:2037-12-31
17-04-2024:06:55:16.681 INFO     7010000001:HW_BLR:21:2024-04-24
17-04-2024:06:55:16.854 INFO     7080908090:podtest:21:2024-05-02
17-04-2024:06:55:16.896 INFO     7010000001:414141:plaintext:44:2024-05-04
17-04-2024:06:55:16.896 INFO     plaintext
17-04-2024:06:55:16.921 INFO     7080808080:70707070700987:10:2037-12-31
17-04-2024:06:55:17.021 INFO     7010000001:HW_PUN:21:2024-04-25
17-04-2024:06:55:17.139 INFO     7010000001:414141:plaintext:44:2024-05-04
17-04-2024:06:55:17.139 INFO     plaintext
17-04-2024:06:55:17.534 INFO     7010000001:HW_PUN:21:2024-04-25
17-04-2024:06:55:17.750 INFO     7010000001:414141:414141test:44:2024-04-27
17-04-2024:06:55:17.750 INFO     414141test
17-04-2024:06:55:17.829 INFO     7010000001:HW_PUN:21:2024-04-25
17-04-2024:06:55:17.970 INFO     7010000001:414141:414141test:44:2024-04-27
17-04-2024:06:55:17.970 INFO     414141test
17-04-2024:06:55:28.091 INFO     7010000001:HW_KML:21:2024-04-24
17-04-2024:06:55:28.134 INFO     7010000001:414141:414141test:44:2024-04-20
17-04-2024:06:55:28.137 INFO     414141test
17-04-2024:06:55:28.149 INFO     7080808080:70707070700987:10:2037-12-31
17-04-2024:06:55:28.269 INFO     7010000001:HW_BLR:21:2024-04-24
17-04-2024:06:55:28.317 INFO     7010000001:414141:plaintext:44:2024-05-04
17-04-2024:06:55:28.318 INFO     plaintext
17-04-2024:06:55:28.335 INFO     7080808080:70707070700987:10:2037-12-31
17-04-2024:06:55:28.496 INFO     7080908090:podtest:21:2024-05-02
17-04-2024:06:55:28.608 INFO     7010000001:414141:plaintext:44:2024-05-04
17-04-2024:06:55:28.608 INFO     plaintext
17-04-2024:06:55:28.685 INFO     7010000001:414141:414141test:44:2024-04-27
17-04-2024:06:55:28.685 INFO     414141test
17-04-2024:06:55:28.704 INFO     7010000001:HW_PUN:21:2024-04-25
17-04-2024:06:55:28.804 INFO     7010000001:HW_PUN:21:2024-04-25
17-04-2024:06:55:28.822 INFO     7010000001:414141:414141test:44:2024-04-27
17-04-2024:06:55:28.822 INFO     414141test
17-04-2024:06:55:28.945 INFO     7010000001:HW_PUN:21:2024-04-25
17-04-2024:06:55:39.026 INFO     7010000001:HW_KML:21:2024-04-24
17-04-2024:06:55:39.075 INFO     7010000001:414141:414141test:44:2024-04-20
17-04-2024:06:55:39.075 INFO     414141test
17-04-2024:06:55:39.092 INFO     7080808080:70707070700987:10:2037-12-31
17-04-2024:06:55:39.207 INFO     7010000001:HW_BLR:21:2024-04-24
17-04-2024:06:55:39.248 INFO     7010000001:414141:plaintext:44:2024-05-04
17-04-2024:06:55:39.248 INFO     plaintext
17-04-2024:06:55:39.348 INFO     7080908090:podtest:21:2024-05-02
17-04-2024:06:55:39.363 INFO     7080808080:70707070700987:10:2037-12-31
17-04-2024:06:55:39.364 INFO     7010000001:414141:plaintext:44:2024-05-04
17-04-2024:06:55:39.365 INFO     plaintext
17-04-2024:06:55:39.493 INFO     7010000001:414141:414141test:44:2024-04-27
17-04-2024:06:55:39.493 INFO     414141test
17-04-2024:06:55:39.560 INFO     7010000001:HW_PUN:21:2024-04-25
17-04-2024:06:55:39.661 INFO     7010000001:414141:414141test:44:2024-04-27
17-04-2024:06:55:39.661 INFO     414141test
17-04-2024:06:55:39.726 INFO     7010000001:HW_PUN:21:2024-04-25
17-04-2024:06:55:39.797 INFO     7010000001:HW_PUN:21:2024-04-25
17-04-2024:06:55:49.992 INFO     7010000001:HW_KML:21:2024-04-24
17-04-2024:06:55:50.153 INFO     7010000001:414141:414141test:44:2024-04-20
17-04-2024:06:55:50.153 INFO     414141test
17-04-2024:06:55:50.154 INFO     7080808080:70707070700987:10:2037-12-31
17-04-2024:06:55:50.155 INFO     7010000001:414141:plaintext:44:2024-05-04
17-04-2024:06:55:50.155 INFO     plaintext
17-04-2024:06:55:50.241 INFO     7080808080:70707070700987:10:2037-12-31
17-04-2024:06:55:50.367 INFO     7010000001:HW_BLR:21:2024-04-24
17-04-2024:06:55:50.367 INFO     7080908090:podtest:21:2024-05-02
17-04-2024:06:55:50.431 INFO     7010000001:414141:plaintext:44:2024-05-04
17-04-2024:06:55:50.431 INFO     plaintext
17-04-2024:06:55:50.680 INFO     7010000001:HW_PUN:21:2024-04-25
17-04-2024:06:55:50.734 INFO     7010000001:414141:414141test:44:2024-04-27
17-04-2024:06:55:50.734 INFO     414141test
17-04-2024:06:55:50.830 INFO     7010000001:HW_PUN:21:2024-04-25
17-04-2024:06:55:50.888 INFO     7010000001:414141:414141test:44:2024-04-27
17-04-2024:06:55:50.888 INFO     414141test
17-04-2024:06:55:51.002 INFO     7010000001:HW_PUN:21:2024-04-25
17-04-2024:06:56:02.668 INFO     7010000001:HW_KML:21:2024-04-24
17-04-2024:06:56:02.798 INFO     7010000001:414141:414141test:44:2024-04-20
17-04-2024:06:56:02.799 INFO     414141test
17-04-2024:06:56:02.806 INFO     7080808080:70707070700987:10:2037-12-31
17-04-2024:06:56:02.808 INFO     7080808080:70707070700987:10:2037-12-31
17-04-2024:06:56:02.833 INFO     7010000001:HW_BLR:21:2024-04-24
17-04-2024:06:56:02.944 INFO     7010000001:414141:plaintext:44:2024-05-04
17-04-2024:06:56:02.944 INFO     plaintext
17-04-2024:06:56:03.037 INFO     7080908090:podtest:21:2024-05-02
17-04-2024:06:56:03.050 INFO     7010000001:HW_PUN:21:2024-04-25
17-04-2024:06:56:03.108 INFO     7010000001:414141:plaintext:44:2024-05-04
17-04-2024:06:56:03.108 INFO     plaintext
17-04-2024:06:56:03.213 INFO     7010000001:414141:414141test:44:2024-04-27
17-04-2024:06:56:03.213 INFO     414141test
17-04-2024:06:56:03.262 INFO     7010000001:HW_PUN:21:2024-04-25
17-04-2024:06:56:03.357 INFO     7010000001:414141:414141test:44:2024-04-27
17-04-2024:06:56:03.358 INFO     414141test
17-04-2024:06:56:03.423 INFO     7010000001:HW_PUN:21:2024-04-25
17-04-2024:06:56:13.548 INFO     7010000001:HW_KML:21:2024-04-24
17-04-2024:06:56:13.584 INFO     7010000001:414141:414141test:44:2024-04-20
17-04-2024:06:56:13.584 INFO     414141test
17-04-2024:06:56:13.646 INFO     7080808080:70707070700987:10:2037-12-31
17-04-2024:06:56:13.962 INFO     7010000001:HW_BLR:21:2024-04-24
17-04-2024:06:56:14.121 INFO     7080808080:70707070700987:10:2037-12-31
17-04-2024:06:56:14.204 INFO     7010000001:414141:plaintext:44:2024-05-04
17-04-2024:06:56:14.204 INFO     plaintext
17-04-2024:06:56:14.338 INFO     7080908090:podtest:21:2024-05-02
17-04-2024:06:56:14.479 INFO     7010000001:414141:plaintext:44:2024-05-04
17-04-2024:06:56:14.484 INFO     plaintext
17-04-2024:06:56:14.603 INFO     7010000001:414141:414141test:44:2024-04-27
17-04-2024:06:56:14.603 INFO     414141test
17-04-2024:06:56:15.522 INFO     7010000001:HW_PUN:21:2024-04-25
17-04-2024:06:56:15.789 INFO     7010000001:414141:414141test:44:2024-04-27
17-04-2024:06:56:15.789 INFO     414141test
17-04-2024:06:56:15.811 INFO     7010000001:HW_PUN:21:2024-04-25
17-04-2024:06:56:15.922 INFO     7010000001:HW_PUN:21:2024-04-25
17-04-2024:06:56:26.041 INFO     7010000001:HW_KML:21:2024-04-24
17-04-2024:06:56:26.117 INFO     7080808080:70707070700987:10:2037-12-31
17-04-2024:06:56:26.130 INFO     7010000001:414141:414141test:44:2024-04-20
17-04-2024:06:56:26.130 INFO     414141test
17-04-2024:06:56:26.224 INFO     7010000001:HW_BLR:21:2024-04-24
17-04-2024:06:56:26.382 INFO     7080808080:70707070700987:10:2037-12-31
17-04-2024:06:56:26.719 INFO     7010000001:414141:plaintext:44:2024-05-04
17-04-2024:06:56:26.719 INFO     plaintext
17-04-2024:06:56:26.791 INFO     7080908090:podtest:21:2024-05-02
17-04-2024:06:56:26.825 INFO     7010000001:414141:plaintext:44:2024-05-04
17-04-2024:06:56:26.834 INFO     plaintext
17-04-2024:06:56:26.903 INFO     7010000001:HW_PUN:21:2024-04-25
17-04-2024:06:56:26.967 INFO     7010000001:414141:414141test:44:2024-04-27
17-04-2024:06:56:26.967 INFO     414141test
17-04-2024:06:56:27.036 INFO     7010000001:HW_PUN:21:2024-04-25
17-04-2024:06:56:27.595 INFO     7010000001:414141:414141test:44:2024-04-27
17-04-2024:06:56:27.595 INFO     414141test
17-04-2024:06:56:27.992 INFO     7010000001:HW_PUN:21:2024-04-25
17-04-2024:06:56:38.130 INFO     7010000001:HW_KML:21:2024-04-24
17-04-2024:06:56:38.177 INFO     7080808080:70707070700987:10:2037-12-31
17-04-2024:06:56:38.214 INFO     7010000001:414141:414141test:44:2024-04-20
17-04-2024:06:56:38.214 INFO     414141test
17-04-2024:06:56:38.323 INFO     7010000001:HW_BLR:21:2024-04-24
17-04-2024:06:56:38.353 INFO     7010000001:414141:plaintext:44:2024-05-04
17-04-2024:06:56:38.353 INFO     plaintext
17-04-2024:06:56:38.354 INFO     7080808080:70707070700987:10:2037-12-31
17-04-2024:06:56:38.526 INFO     7080908090:podtest:21:2024-05-02
17-04-2024:06:56:38.654 INFO     7010000001:414141:plaintext:44:2024-05-04
17-04-2024:06:56:38.655 INFO     plaintext
17-04-2024:06:56:38.768 INFO     7010000001:HW_PUN:21:2024-04-25
17-04-2024:06:56:38.809 INFO     7010000001:414141:414141test:44:2024-04-27
17-04-2024:06:56:38.810 INFO     414141test
17-04-2024:06:56:38.898 INFO     7010000001:HW_PUN:21:2024-04-25
17-04-2024:06:56:39.042 INFO     7010000001:414141:414141test:44:2024-04-27
17-04-2024:06:56:39.042 INFO     414141test
17-04-2024:06:56:39.109 INFO     7010000001:HW_PUN:21:2024-04-25
17-04-2024:06:56:49.412 INFO     7010000001:HW_KML:21:2024-04-24
17-04-2024:06:56:49.434 INFO     7010000001:414141:414141test:44:2024-04-20
17-04-2024:06:56:49.434 INFO     414141test
17-04-2024:06:56:49.477 INFO     7080808080:70707070700987:10:2037-12-31
17-04-2024:06:56:49.594 INFO     7010000001:414141:plaintext:44:2024-05-04
17-04-2024:06:56:49.594 INFO     plaintext
17-04-2024:06:56:49.626 INFO     7010000001:HW_BLR:21:2024-04-24
17-04-2024:06:56:49.672 INFO     7080808080:70707070700987:10:2037-12-31
17-04-2024:06:56:49.776 INFO     7010000001:414141:plaintext:44:2024-05-04
17-04-2024:06:56:49.780 INFO     plaintext
17-04-2024:06:56:49.832 INFO     7080908090:podtest:21:2024-05-02
17-04-2024:06:56:49.887 INFO     7010000001:414141:414141test:44:2024-04-27
17-04-2024:06:56:49.887 INFO     414141test
17-04-2024:06:56:49.959 INFO     7010000001:HW_PUN:21:2024-04-25
17-04-2024:06:56:50.037 INFO     7010000001:414141:414141test:44:2024-04-27
17-04-2024:06:56:50.037 INFO     414141test
17-04-2024:06:56:50.130 INFO     7010000001:HW_PUN:21:2024-04-25
17-04-2024:06:56:50.193 INFO     7010000001:HW_PUN:21:2024-04-25
17-04-2024:06:57:00.403 INFO     7010000001:HW_KML:21:2024-04-24
17-04-2024:06:57:00.455 INFO     7010000001:414141:414141test:44:2024-04-20
17-04-2024:06:57:00.456 INFO     414141test
17-04-2024:06:57:00.483 INFO     7080808080:70707070700987:10:2037-12-31
17-04-2024:06:57:00.670 INFO     7010000001:414141:plaintext:44:2024-05-04
17-04-2024:06:57:00.670 INFO     plaintext
17-04-2024:06:57:00.817 INFO     7080808080:70707070700987:10:2037-12-31
17-04-2024:06:57:00.818 INFO     7010000001:HW_BLR:21:2024-04-24
17-04-2024:06:57:01.776 INFO     7080908090:podtest:21:2024-05-02
17-04-2024:06:57:01.814 INFO     7010000001:414141:plaintext:44:2024-05-04
17-04-2024:06:57:01.814 INFO     plaintext
17-04-2024:06:57:01.973 INFO     7010000001:HW_PUN:21:2024-04-25
17-04-2024:06:57:02.030 INFO     7010000001:414141:414141test:44:2024-04-27
17-04-2024:06:57:02.030 INFO     414141test
17-04-2024:06:57:02.163 INFO     7010000001:HW_PUN:21:2024-04-25
17-04-2024:06:57:02.240 INFO     7010000001:414141:414141test:44:2024-04-27
17-04-2024:06:57:02.240 INFO     414141test
17-04-2024:06:57:02.459 INFO     7010000001:HW_PUN:21:2024-04-25
17-04-2024:06:57:12.583 INFO     7010000001:HW_KML:21:2024-04-24
17-04-2024:06:57:12.602 INFO     7010000001:414141:414141test:44:2024-04-20
17-04-2024:06:57:12.602 INFO     414141test
17-04-2024:06:57:12.687 INFO     7080808080:70707070700987:10:2037-12-31
17-04-2024:06:57:12.729 INFO     7010000001:HW_BLR:21:2024-04-24
17-04-2024:06:57:12.750 INFO     7010000001:414141:plaintext:44:2024-05-04
17-04-2024:06:57:12.753 INFO     plaintext
17-04-2024:06:57:12.888 INFO     7080808080:70707070700987:10:2037-12-31
17-04-2024:06:57:12.986 INFO     7080908090:podtest:21:2024-05-02
17-04-2024:06:57:13.072 INFO     7010000001:414141:plaintext:44:2024-05-04
17-04-2024:06:57:13.072 INFO     plaintext
17-04-2024:06:57:13.209 INFO     7010000001:414141:414141test:44:2024-04-27
17-04-2024:06:57:13.209 INFO     414141test
17-04-2024:06:57:13.301 INFO     7010000001:HW_PUN:21:2024-04-25
17-04-2024:06:57:13.351 INFO     7010000001:HW_PUN:21:2024-04-25
17-04-2024:06:57:13.366 INFO     7010000001:414141:414141test:44:2024-04-27
17-04-2024:06:57:13.366 INFO     414141test
17-04-2024:06:57:13.497 INFO     7010000001:HW_PUN:21:2024-04-25
17-04-2024:06:57:24.171 INFO     7010000001:HW_KML:21:2024-04-24
17-04-2024:06:57:24.223 INFO     7010000001:414141:414141test:44:2024-04-20
17-04-2024:06:57:24.223 INFO     414141test
17-04-2024:06:57:24.270 INFO     7080808080:70707070700987:10:2037-12-31
17-04-2024:06:57:24.304 INFO     7010000001:HW_BLR:21:2024-04-24
17-04-2024:06:57:24.482 INFO     7080808080:70707070700987:10:2037-12-31
17-04-2024:06:57:24.511 INFO     7010000001:414141:plaintext:44:2024-05-04
17-04-2024:06:57:24.511 INFO     plaintext
17-04-2024:06:57:24.512 INFO     7080908090:podtest:21:2024-05-02
17-04-2024:06:57:24.652 INFO     7010000001:414141:plaintext:44:2024-05-04
17-04-2024:06:57:24.652 INFO     plaintext
17-04-2024:06:57:24.699 INFO     7010000001:HW_PUN:21:2024-04-25
17-04-2024:06:57:24.782 INFO     7010000001:414141:414141test:44:2024-04-27
17-04-2024:06:57:24.782 INFO     414141test
17-04-2024:06:57:24.799 INFO     7010000001:HW_PUN:21:2024-04-25
17-04-2024:06:57:24.898 INFO     7010000001:414141:414141test:44:2024-04-27
17-04-2024:06:57:24.898 INFO     414141test
17-04-2024:06:57:24.924 INFO     7010000001:HW_PUN:21:2024-04-25
17-04-2024:06:57:35.376 INFO     7010000001:HW_KML:21:2024-04-24
17-04-2024:06:57:35.891 INFO     7010000001:414141:414141test:44:2024-04-20
17-04-2024:06:57:35.891 INFO     414141test
17-04-2024:06:57:35.892 INFO     7080808080:70707070700987:10:2037-12-31
17-04-2024:06:57:36.183 INFO     7010000001:HW_BLR:21:2024-04-24
17-04-2024:06:57:36.349 INFO     7010000001:414141:plaintext:44:2024-05-04
17-04-2024:06:57:36.349 INFO     plaintext
17-04-2024:06:57:36.350 INFO     7080808080:70707070700987:10:2037-12-31
17-04-2024:06:57:36.514 INFO     7080908090:podtest:21:2024-05-02
17-04-2024:06:57:36.551 INFO     7010000001:414141:plaintext:44:2024-05-04
17-04-2024:06:57:36.551 INFO     plaintext
17-04-2024:06:57:36.968 INFO     7010000001:414141:414141test:44:2024-04-27
17-04-2024:06:57:36.969 INFO     414141test
17-04-2024:06:57:36.970 INFO     7010000001:HW_PUN:21:2024-04-25
17-04-2024:06:57:37.262 INFO     7010000001:414141:414141test:44:2024-04-27
17-04-2024:06:57:37.262 INFO     414141test
17-04-2024:06:57:38.321 INFO     7010000001:HW_PUN:21:2024-04-25
17-04-2024:06:57:38.454 INFO     7010000001:HW_PUN:21:2024-04-25
